{"meta": {"format": 3, "version": "7.13.4", "timestamp": "2026-02-10T00:54:05.658797", "branch_coverage": false, "show_contexts": false}, "files": {"calculator/advanced.py": {"executed_lines": [11, 12, 13, 17, 18, 19, 21, 25, 26, 28], "summary": {"covered_lines": 10, "num_statements": 23, "percent_covered": 43.47826086956522, "percent_covered_display": "43", "missing_lines": 13, "excluded_lines": 0, "percent_statements_covered": 43.47826086956522, "percent_statements_covered_display": "43"}, "missing_lines": [5, 7, 10, 16, 20, 24, 27, 31, 32, 35, 40, 41, 42], "excluded_lines": [], "functions": {"power": {"executed_lines": [11, 12, 13], "summary": {"covered_lines": 3, "num_statements": 3, "percent_covered": 100.0, "percent_covered_display": "100", "missing_lines": 0, "excluded_lines": 0, "percent_statements_covered": 100.0, "percent_statements_covered_display": "100"}, "missing_lines": [], "excluded_lines": [], "start_line": 10}, "mod": {"executed_lines": [17, 18, 19, 21], "summary": {"covered_lines": 4, "num_statements": 5, "percent_covered": 80.0, "percent_covered_display": "80", "missing_lines": 1, "excluded_lines": 0, "percent_statements_covered": 80.0, "percent_statements_covered_display": "80"}, "missing_lines": [20], "excluded_lines": [], "start_line": 16}, "sqrt": {"executed_lines": [25, 26, 28], "summary": {"covered_lines": 3, "num_statements": 4, "percent_covered": 75.0, "percent_covered_display": "75", "missing_lines": 1, "excluded_lines": 0, "percent_statements_covered": 75.0, "percent_statements_covered_display": "75"}, "missing_lines": [27], "excluded_lines": [], "start_line": 24}, "negate": {"executed_lines": [], "summary": {"covered_lines": 0, "num_statements": 1, "percent_covered": 0.0, "percent_covered_display": "0", "missing_lines": 1, "excluded_lines": 0, "percent_statements_covered": 0.0, "percent_statements_covered_display": "0"}, "missing_lines": [32], "excluded_lines": [], "start_line": 31}, "percent_of": {"executed_lines": [], "summary": {"covered_lines": 0, "num_statements": 3, "percent_covered": 0.0, "percent_covered_display": "0", "missing_lines": 3, "excluded_lines": 0, "percent_statements_covered": 0.0, "percent_statements_covered_display": "0"}, "missing_lines": [40, 41, 42], "excluded_lines": [], "start_line": 35}, "": {"executed_lines": [], "summary": {"covered_lines": 0, "num_statements": 7, "percent_covered": 0.0, "percent_covered_display": "0", "missing_lines": 7, "excluded_lines": 0, "percent_statements_covered": 0.0, "percent_statements_covered_display": "0"}, "missing_lines": [5, 7, 10, 16, 24, 31, 35], "excluded_lines": [], "start_line": 1}}, "classes": {"": {"executed_lines": [11, 12, 13, 17, 18, 19, 21, 25, 26, 28], "summary": {"covered_lines": 10, "num_statements": 23, "percent_covered": 43.47826086956522, "percent_covered_display": "43", "missing_lines": 13, "excluded_lines": 0, "percent_statements_covered": 43.47826086956522, "percent_statements_covered_display": "43"}, "missing_lines": [5, 7, 10, 16, 20, 24, 27, 31, 32, 35, 40, 41, 42], "excluded_lines": [], "start_line": 1}}}, "calculator/backend.py": {"executed_lines": [15, 19, 23, 27, 28, 29, 42, 54, 56, 58, 59, 60], "summary": {"covered_lines": 12, "num_statements": 21, "percent_covered": 57.142857142857146, "percent_covered_display": "57", "missing_lines": 9, "excluded_lines": 0, "percent_statements_covered": 57.142857142857146, "percent_statements_covered_display": "57"}, "missing_lines": [6, 8, 11, 14, 18, 22, 26, 32, 55], "excluded_lines": [], "functions": {"add": {"executed_lines": [15], "summary": {"covered_lines": 1, "num_statements": 1, "percent_covered": 100.0, "percent_covered_display": "100", "missing_lines": 0, "excluded_lines": 0, "percent_statements_covered": 100.0, "percent_statements_covered_display": "100"}, "missing_lines": [], "excluded_lines": [], "start_line": 14}, "subtract": {"executed_lines": [19], "summary": {"covered_lines": 1, "num_statements": 1, "percent_covered": 100.0, "percent_covered_display": "100", "missing_lines": 0, "excluded_lines": 0, "percent_statements_covered": 100.0, "percent_statements_covered_display": "100"}, "missing_lines": [], "excluded_lines": [], "start_line": 18}, "multiply": {"executed_lines": [23], "summary": {"covered_lines": 1, "num_statements": 1, "percent_covered": 100.0, "percent_covered_display": "100", "missing_lines": 0, "excluded_lines": 0, "percent_statements_covered": 100.0, "percent_statements_covered_display": "100"}, "missing_lines": [], "excluded_lines": [], "start_line": 22}, "divide": {"executed_lines": [27, 28, 29], "summary": {"covered_lines": 3, "num_statements": 3, "percent_covered": 100.0, "percent_covered_display": "100", "missing_lines": 0, "excluded_lines": 0, "percent_statements_covered": 100.0, "percent_statements_covered_display": "100"}, "missing_lines": [], "excluded_lines": [], "start_line": 26}, "calculate": {"executed_lines": [42, 54, 56, 58, 59, 60], "summary": {"covered_lines": 6, "num_statements": 7, "percent_covered": 85.71428571428571, "percent_covered_display": "86", "missing_lines": 1, "excluded_lines": 0, "percent_statements_covered": 85.71428571428571, "percent_statements_covered_display": "86"}, "missing_lines": [55], "excluded_lines": [], "start_line": 32}, "": {"executed_lines": [], "summary": {"covered_lines": 0, "num_statements": 8, "percent_covered": 0.0, "percent_covered_display": "0", "missing_lines": 8, "excluded_lines": 0, "percent_statements_covered": 0.0, "percent_statements_covered_display": "0"}, "missing_lines": [6, 8, 11, 14, 18, 22, 26, 32], "excluded_lines": [], "start_line": 1}}, "classes": {"": {"executed_lines": [15, 19, 23, 27, 28, 29, 42, 54, 56, 58, 59, 60], "summary": {"covered_lines": 12, "num_statements": 21, "percent_covered": 57.142857142857146, "percent_covered_display": "57", "missing_lines": 9, "excluded_lines": 0, "percent_statements_covered": 57.142857142857146, "percent_statements_covered_display": "57"}, "missing_lines": [6, 8, 11, 14, 18, 22, 26, 32, 55], "excluded_lines": [], "start_line": 1}}}}, "totals": {"covered_lines": 22, "num_statements": 44, "percent_covered": 50.0, "percent_covered_display": "50", "missing_lines": 22, "excluded_lines": 0, "percent_statements_covered": 50.0, "percent_statements_covered_display": "50"}}